{"C:\\Users\\conno_000\\Desktop\\Epicodus\\solar-age-project\\src\\solar-bizz.js": {"path":"C:\\Users\\conno_000\\Desktop\\Epicodus\\solar-age-project\\src\\solar-bizz.js","statementMap":{"0":{"start":{"line":3,"column":4},"end":{"line":3,"column":33}},"1":{"start":{"line":4,"column":4},"end":{"line":4,"column":27}},"2":{"start":{"line":5,"column":4},"end":{"line":5,"column":29}},"3":{"start":{"line":8,"column":14},"end":{"line":8,"column":27}},"4":{"start":{"line":9,"column":4},"end":{"line":9,"column":32}},"5":{"start":{"line":10,"column":4},"end":{"line":10,"column":25}},"6":{"start":{"line":13,"column":18},"end":{"line":13,"column":20}},"7":{"start":{"line":14,"column":4},"end":{"line":14,"column":50}},"8":{"start":{"line":15,"column":4},"end":{"line":23,"column":5}},"9":{"start":{"line":16,"column":6},"end":{"line":16,"column":45}},"10":{"start":{"line":17,"column":6},"end":{"line":17,"column":49}},"11":{"start":{"line":19,"column":6},"end":{"line":19,"column":26}},"12":{"start":{"line":20,"column":6},"end":{"line":20,"column":21}},"13":{"start":{"line":22,"column":6},"end":{"line":22,"column":27}}},"fnMap":{"0":{"name":"(anonymous_0)","decl":{"start":{"line":2,"column":2},"end":{"line":2,"column":3}},"loc":{"start":{"line":2,"column":45},"end":{"line":6,"column":3}},"line":2},"1":{"name":"(anonymous_1)","decl":{"start":{"line":7,"column":2},"end":{"line":7,"column":3}},"loc":{"start":{"line":7,"column":12},"end":{"line":11,"column":3}},"line":7},"2":{"name":"(anonymous_2)","decl":{"start":{"line":12,"column":2},"end":{"line":12,"column":3}},"loc":{"start":{"line":12,"column":11},"end":{"line":24,"column":3}},"line":12}},"branchMap":{"0":{"loc":{"start":{"line":15,"column":4},"end":{"line":23,"column":5}},"type":"if","locations":[{"start":{"line":15,"column":4},"end":{"line":23,"column":5}},{"start":{"line":15,"column":4},"end":{"line":23,"column":5}}],"line":15}},"s":{"0":4,"1":4,"2":4,"3":3,"4":3,"5":3,"6":2,"7":2,"8":2,"9":1,"10":1,"11":1,"12":1,"13":1},"f":{"0":4,"1":3,"2":2},"b":{"0":[1,1]},"_coverageSchema":"43e27e138ebf9cfc5966b082cf9a028302ed4184","hash":"7fb06ce6c1cecda80deeb98e43779b5b1428e97e"}
}
